[W 2023-12-12 18:49:28.479 ServerApp] A `_jupyter_server_extension_points` function was not found in jupyter_lsp. Instead, a `_jupyter_server_extension_paths` function was found and will be used for now. This function name will be deprecated in future releases of Jupyter Server.
[W 2023-12-12 18:49:28.514 ServerApp] A `_jupyter_server_extension_points` function was not found in notebook_shim. Instead, a `_jupyter_server_extension_paths` function was found and will be used for now. This function name will be deprecated in future releases of Jupyter Server.
[I 2023-12-12 18:49:28.514 ServerApp] jupyter_lsp | extension was successfully linked.
[I 2023-12-12 18:49:28.516 ServerApp] jupyter_server_terminals | extension was successfully linked.
[I 2023-12-12 18:49:28.518 ServerApp] jupyterlab | extension was successfully linked.
[W 2023-12-12 18:49:28.519 JupyterNotebookApp] 'token' has moved from NotebookApp to ServerApp. This config will be passed to ServerApp. Be sure to update your config before our next release.
[W 2023-12-12 18:49:28.520 JupyterNotebookApp] 'password' has moved from NotebookApp to ServerApp. This config will be passed to ServerApp. Be sure to update your config before our next release.
[W 2023-12-12 18:49:28.521 ServerApp] ServerApp.token config is deprecated in 2.0. Use IdentityProvider.token.
[I 2023-12-12 18:49:28.521 ServerApp] notebook | extension was successfully linked.
[I 2023-12-12 18:49:28.704 ServerApp] notebook_shim | extension was successfully linked.
[W 2023-12-12 18:49:28.716 ServerApp] All authentication is disabled.  Anyone who can connect to this server will be able to run code.
[I 2023-12-12 18:49:28.716 ServerApp] notebook_shim | extension was successfully loaded.
[I 2023-12-12 18:49:28.718 ServerApp] jupyter_lsp | extension was successfully loaded.
[I 2023-12-12 18:49:28.718 ServerApp] jupyter_server_terminals | extension was successfully loaded.
[I 2023-12-12 18:49:28.719 LabApp] JupyterLab extension loaded from /home/spark/.local/lib/python3.10/site-packages/jupyterlab
[I 2023-12-12 18:49:28.719 LabApp] JupyterLab application directory is /home/spark/.local/share/jupyter/lab
[I 2023-12-12 18:49:28.720 LabApp] Extension Manager is 'pypi'.
[I 2023-12-12 18:49:28.721 ServerApp] jupyterlab | extension was successfully loaded.
[I 2023-12-12 18:49:28.723 ServerApp] notebook | extension was successfully loaded.
[I 2023-12-12 18:49:28.723 ServerApp] Serving notebooks from local directory: /home/spark/spark-streaming-sample
[I 2023-12-12 18:49:28.723 ServerApp] Jupyter Server 2.12.1 is running at:
[I 2023-12-12 18:49:28.723 ServerApp] http://localhost:8888/tree
[I 2023-12-12 18:49:28.724 ServerApp]     http://127.0.0.1:8888/tree
[I 2023-12-12 18:49:28.724 ServerApp] Use Control-C to stop this server and shut down all kernels (twice to skip confirmation).
[I 2023-12-12 18:49:28.743 ServerApp] Skipped non-installed server(s): bash-language-server, dockerfile-language-server-nodejs, javascript-typescript-langserver, jedi-language-server, julia-language-server, pyright, python-language-server, python-lsp-server, r-languageserver, sql-language-server, texlab, typescript-language-server, unified-language-server, vscode-css-languageserver-bin, vscode-html-languageserver-bin, vscode-json-languageserver-bin, yaml-language-server
[I 2023-12-12 18:49:35.885 ServerApp] 302 GET / (@127.0.0.1) 2.49ms
[C 2023-12-12 18:50:08.056 ServerApp] received signal 15, stopping
[I 2023-12-12 18:50:08.062 ServerApp] Shutting down 5 extensions
[W 2023-12-12 18:50:31.656 ServerApp] A `_jupyter_server_extension_points` function was not found in jupyter_lsp. Instead, a `_jupyter_server_extension_paths` function was found and will be used for now. This function name will be deprecated in future releases of Jupyter Server.
[W 2023-12-12 18:50:31.675 ServerApp] A `_jupyter_server_extension_points` function was not found in notebook_shim. Instead, a `_jupyter_server_extension_paths` function was found and will be used for now. This function name will be deprecated in future releases of Jupyter Server.
[I 2023-12-12 18:50:31.675 ServerApp] jupyter_lsp | extension was successfully linked.
[I 2023-12-12 18:50:31.678 ServerApp] jupyter_server_terminals | extension was successfully linked.
[I 2023-12-12 18:50:31.680 ServerApp] jupyterlab | extension was successfully linked.
[W 2023-12-12 18:50:31.681 JupyterNotebookApp] 'token' has moved from NotebookApp to ServerApp. This config will be passed to ServerApp. Be sure to update your config before our next release.
[W 2023-12-12 18:50:31.681 JupyterNotebookApp] 'password' has moved from NotebookApp to ServerApp. This config will be passed to ServerApp. Be sure to update your config before our next release.
[W 2023-12-12 18:50:31.682 ServerApp] ServerApp.token config is deprecated in 2.0. Use IdentityProvider.token.
[I 2023-12-12 18:50:31.683 ServerApp] notebook | extension was successfully linked.
[I 2023-12-12 18:50:31.820 ServerApp] notebook_shim | extension was successfully linked.
[W 2023-12-12 18:50:31.829 ServerApp] All authentication is disabled.  Anyone who can connect to this server will be able to run code.
[I 2023-12-12 18:50:31.829 ServerApp] notebook_shim | extension was successfully loaded.
[I 2023-12-12 18:50:31.831 ServerApp] jupyter_lsp | extension was successfully loaded.
[I 2023-12-12 18:50:31.831 ServerApp] jupyter_server_terminals | extension was successfully loaded.
[I 2023-12-12 18:50:31.832 LabApp] JupyterLab extension loaded from /home/spark/.local/lib/python3.10/site-packages/jupyterlab
[I 2023-12-12 18:50:31.832 LabApp] JupyterLab application directory is /home/spark/.local/share/jupyter/lab
[I 2023-12-12 18:50:31.832 LabApp] Extension Manager is 'pypi'.
[I 2023-12-12 18:50:31.833 ServerApp] jupyterlab | extension was successfully loaded.
[I 2023-12-12 18:50:31.834 ServerApp] notebook | extension was successfully loaded.
[I 2023-12-12 18:50:31.834 ServerApp] Serving notebooks from local directory: /home/spark/spark-streaming-sample
[I 2023-12-12 18:50:31.834 ServerApp] Jupyter Server 2.12.1 is running at:
[I 2023-12-12 18:50:31.835 ServerApp] http://spark-test1:8888/tree
[I 2023-12-12 18:50:31.835 ServerApp]     http://127.0.0.1:8888/tree
[I 2023-12-12 18:50:31.835 ServerApp] Use Control-C to stop this server and shut down all kernels (twice to skip confirmation).
[I 2023-12-12 18:50:31.846 ServerApp] Skipped non-installed server(s): bash-language-server, dockerfile-language-server-nodejs, javascript-typescript-langserver, jedi-language-server, julia-language-server, pyright, python-language-server, python-lsp-server, r-languageserver, sql-language-server, texlab, typescript-language-server, unified-language-server, vscode-css-languageserver-bin, vscode-html-languageserver-bin, vscode-json-languageserver-bin, yaml-language-server
